<?xml version="1.0" encoding="UTF-8"?>
<!-- Generated by org.testng.reporters.JUnitReportReporter -->
<testsuite hostname="FTKRL1755" name="testsLogin.LoginTest" tests="2" failures="0" timestamp="3 Feb 2017 14:32:14 GMT" time="25.139" errors="0">
  <testcase name="loginFromDemoPageWithCorrectCredentials" time="11.655" classname="testsLogin.LoginTest"/>
  <testcase name="loginFromDemoPageWithIncorrectCredentials" time="13.484" classname="testsLogin.LoginTest"/>
</testsuite> <!-- testsLogin.LoginTest -->
