<?xml version="1.0" encoding="UTF-8"?>
<!-- Generated by org.testng.reporters.JUnitReportReporter -->
<testsuite hostname="FTKRL1755" name="testsDropdown.DropdownTest" tests="2" failures="0" timestamp="3 Feb 2017 14:32:14 GMT" time="25.483" errors="0">
  <testcase name="checkIsPromtCorrect" time="12.268" classname="testsDropdown.DropdownTest"/>
  <testcase name="selectElementFromDropdownList" time="13.215" classname="testsDropdown.DropdownTest"/>
</testsuite> <!-- testsDropdown.DropdownTest -->
