<?xml version="1.0" encoding="UTF-8"?>
<!-- Generated by org.testng.reporters.JUnitReportReporter -->
<testsuite hostname="FTKRL1755" name="testsCount.CountElementsTest" tests="2" failures="0" timestamp="3 Feb 2017 14:32:14 GMT" time="19.312" errors="0">
  <testcase name="countTotalBoxes" time="10.021" classname="testsCount.CountElementsTest"/>
  <testcase name="countWidgetBoxes" time="9.291" classname="testsCount.CountElementsTest"/>
</testsuite> <!-- testsCount.CountElementsTest -->
