<?xml version="1.0" encoding="UTF-8"?>
<!-- Generated by org.testng.reporters.JUnitReportReporter -->
<testsuite hostname="FTKRL1755" name="testsRegistration.RegistrationTest" tests="1" failures="0" timestamp="3 Feb 2017 14:55:49 GMT" time="15.104" errors="0">
  <testcase name="validRegistrationWithAllDataCorrect" time="15.104" classname="testsRegistration.RegistrationTest"/>
</testsuite> <!-- testsRegistration.RegistrationTest -->
