<?xml version="1.0" encoding="UTF-8"?>
<!-- Generated by org.testng.reporters.JUnitReportReporter -->
<testsuite hostname="FTKRL1755" name="testsRegistration.RegistrationTest" tests="2" failures="0" timestamp="3 Feb 2017 14:32:14 GMT" time="29.829" errors="0">
  <testcase name="invalidRegistrationWithoutName" time="17.309" classname="testsRegistration.RegistrationTest"/>
  <testcase name="validRegistrationWithAllDataCorrect" time="12.520" classname="testsRegistration.RegistrationTest"/>
</testsuite> <!-- testsRegistration.RegistrationTest -->
