<?xml version="1.0" encoding="UTF-8"?>
<!-- Generated by org.testng.reporters.JUnitReportReporter -->
<testsuite hostname="FTKRL1755" name="way2automation.TestMaven" tests="1" failures="1" timestamp="1 Feb 2017 10:14:50 GMT" time="0.015" errors="0">
  <testcase name="testGoogleSearch" time="0.015" classname="way2automation.TestMaven">
    <failure type="org.openqa.selenium.WebDriverException" message="Failed to connect to binary FirefoxBinary(C:\Program Files (x86)\Mozilla Firefox\firefox.exe) on port 7055; process output follows: 
le&quot;:true,&quot;active&quot;:true,&quot;userDisabled&quot;:false,&quot;appDisabled&quot;:false,&quot;descriptor&quot;:&quot;C:\\Program Files (x86)\\Mozilla Firefox\\browser\\extensions\\{972ce4c6-7e08-4474-a285-3208198ce6fd}.xpi&quot;,&quot;installDate&quot;:1485843450792,&quot;updateDate&quot;:1485843450792,&quot;applyBackgroundUpdates&quot;:1,&quot;skinnable&quot;:true,&quot;size&quot;:19708,&quot;sourceURI&quot;:null,&quot;releaseNotesURI&quot;:null,&quot;softDisabled&quot;:false,&quot;foreignInstall&quot;:false,&quot;hasBinaryComponents&quot;:false,&quot;strictCompatibility&quot;:true,&quot;locales&quot;:[],&quot;targetApplications&quot;:[{&quot;id&quot;:&quot;{ec8030f7-c20a-464f-9b0e-13a3a9e97384}&quot;,&quot;minVersion&quot;:&quot;51.0.1&quot;,&quot;maxVersion&quot;:&quot;51.0.1&quot;}],&quot;targetPlatforms&quot;:[],&quot;seen&quot;:true,&quot;dependencies&quot;:[],&quot;hasEmbeddedWebExtension&quot;:false}
1485944044761	addons.xpi	DEBUG	getModTime: Recursive scan of {972ce4c6-7e08-4474-a285-3208198ce6fd}
1485944044762	DeferredSave.extensions.json	DEBUG	Save changes
1485944044763	addons.xpi	DEBUG	Updating database with changes to installed add-ons
1485944044763	addons.xpi-utils	DEBUG	Updating add-on states
1485944044764	addons.xpi-utils	DEBUG	Writing add-ons list
1485944044769	addons.xpi	DEBUG	Registering manifest for C:\Program Files (x86)\Mozilla Firefox\browser\features\aushelper@mozilla.org.xpi
1485944044769	addons.xpi	DEBUG	Calling bootstrap method startup on aushelper@mozilla.org version 1.0
1485944044771	addons.xpi	DEBUG	Registering manifest for C:\Program Files (x86)\Mozilla Firefox\browser\features\e10srollout@mozilla.org.xpi
1485944044773	addons.xpi	DEBUG	Calling bootstrap method startup on e10srollout@mozilla.org version 1.7
1485944044774	addons.xpi	DEBUG	Registering manifest for C:\Program Files (x86)\Mozilla Firefox\browser\features\firefox@getpocket.com.xpi
1485944044775	addons.xpi	DEBUG	Calling bootstrap method startup on firefox@getpocket.com version 1.0.5
1485944044776	addons.xpi	DEBUG	Registering manifest for C:\Program Files (x86)\Mozilla Firefox\browser\features\webcompat@mozilla.org.xpi
1485944044777	addons.xpi	DEBUG	Calling bootstrap method startup on webcompat@mozilla.org version 1.0
1485944044781	addons.manager	DEBUG	Registering shutdown blocker for XPIProvider
1485944044782	addons.manager	DEBUG	Provider finished startup: XPIProvider
1485944044783	addons.manager	DEBUG	Starting provider: LightweightThemeManager
1485944044783	addons.manager	DEBUG	Registering shutdown blocker for LightweightThemeManager
1485944044783	addons.manager	DEBUG	Provider finished startup: LightweightThemeManager
1485944044784	addons.manager	DEBUG	Starting provider: GMPProvider
1485944044793	addons.manager	DEBUG	Registering shutdown blocker for GMPProvider
1485944044794	addons.manager	DEBUG	Provider finished startup: GMPProvider
1485944044794	addons.manager	DEBUG	Starting provider: PluginProvider
1485944044795	addons.manager	DEBUG	Registering shutdown blocker for PluginProvider
1485944044796	addons.manager	DEBUG	Provider finished startup: PluginProvider
1485944044797	addons.manager	DEBUG	Completed startup sequence
1485944045187	addons.manager	DEBUG	Starting provider: &lt;unnamed-provider&gt;
1485944045187	addons.manager	DEBUG	Registering shutdown blocker for &lt;unnamed-provider&gt;
1485944045187	addons.manager	DEBUG	Provider finished startup: &lt;unnamed-provider&gt;
1485944045396	DeferredSave.extensions.json	DEBUG	Write succeeded
1485944045396	addons.xpi-utils	DEBUG	XPI Database saved, setting schema version preference to 19
1485944045397	DeferredSave.extensions.json	DEBUG	Starting timer
1485944045419	DeferredSave.extensions.json	DEBUG	Starting write
1485944045426	addons.repository	DEBUG	No addons.json found.
1485944045426	DeferredSave.addons.json	DEBUG	Save changes
1485944045429	DeferredSave.addons.json	DEBUG	Starting timer
1485944045498	addons.manager	DEBUG	Starting provider: PreviousExperimentProvider
1485944045499	addons.manager	DEBUG	Registering shutdown blocker for PreviousExperimentProvider
1485944045499	addons.manager	DEBUG	Provider finished startup: PreviousExperimentProvider
1485944045503	DeferredSave.addons.json	DEBUG	Starting write
1485944045516	DeferredSave.extensions.json	DEBUG	Write succeeded
1485944045551	DeferredSave.addons.json	DEBUG	Write succeeded

Build info: version: &#039;2.47.1&#039;, revision: &#039;unknown&#039;, time: &#039;2015-07-30 11:02:44&#039;
System info: host: &#039;FTKRL1755&#039;, ip: &#039;192.168.56.1&#039;, os.name: &#039;Windows 10&#039;, os.arch: &#039;amd64&#039;, os.version: &#039;10.0&#039;, java.version: &#039;1.8.0_92&#039;
Driver info: driver.version: FirefoxDriver">
      <![CDATA[org.openqa.selenium.WebDriverException: Failed to connect to binary FirefoxBinary(C:\Program Files (x86)\Mozilla Firefox\firefox.exe) on port 7055; process output follows: 
le":true,"active":true,"userDisabled":false,"appDisabled":false,"descriptor":"C:\\Program Files (x86)\\Mozilla Firefox\\browser\\extensions\\{972ce4c6-7e08-4474-a285-3208198ce6fd}.xpi","installDate":1485843450792,"updateDate":1485843450792,"applyBackgroundUpdates":1,"skinnable":true,"size":19708,"sourceURI":null,"releaseNotesURI":null,"softDisabled":false,"foreignInstall":false,"hasBinaryComponents":false,"strictCompatibility":true,"locales":[],"targetApplications":[{"id":"{ec8030f7-c20a-464f-9b0e-13a3a9e97384}","minVersion":"51.0.1","maxVersion":"51.0.1"}],"targetPlatforms":[],"seen":true,"dependencies":[],"hasEmbeddedWebExtension":false}
1485944044761	addons.xpi	DEBUG	getModTime: Recursive scan of {972ce4c6-7e08-4474-a285-3208198ce6fd}
1485944044762	DeferredSave.extensions.json	DEBUG	Save changes
1485944044763	addons.xpi	DEBUG	Updating database with changes to installed add-ons
1485944044763	addons.xpi-utils	DEBUG	Updating add-on states
1485944044764	addons.xpi-utils	DEBUG	Writing add-ons list
1485944044769	addons.xpi	DEBUG	Registering manifest for C:\Program Files (x86)\Mozilla Firefox\browser\features\aushelper@mozilla.org.xpi
1485944044769	addons.xpi	DEBUG	Calling bootstrap method startup on aushelper@mozilla.org version 1.0
1485944044771	addons.xpi	DEBUG	Registering manifest for C:\Program Files (x86)\Mozilla Firefox\browser\features\e10srollout@mozilla.org.xpi
1485944044773	addons.xpi	DEBUG	Calling bootstrap method startup on e10srollout@mozilla.org version 1.7
1485944044774	addons.xpi	DEBUG	Registering manifest for C:\Program Files (x86)\Mozilla Firefox\browser\features\firefox@getpocket.com.xpi
1485944044775	addons.xpi	DEBUG	Calling bootstrap method startup on firefox@getpocket.com version 1.0.5
1485944044776	addons.xpi	DEBUG	Registering manifest for C:\Program Files (x86)\Mozilla Firefox\browser\features\webcompat@mozilla.org.xpi
1485944044777	addons.xpi	DEBUG	Calling bootstrap method startup on webcompat@mozilla.org version 1.0
1485944044781	addons.manager	DEBUG	Registering shutdown blocker for XPIProvider
1485944044782	addons.manager	DEBUG	Provider finished startup: XPIProvider
1485944044783	addons.manager	DEBUG	Starting provider: LightweightThemeManager
1485944044783	addons.manager	DEBUG	Registering shutdown blocker for LightweightThemeManager
1485944044783	addons.manager	DEBUG	Provider finished startup: LightweightThemeManager
1485944044784	addons.manager	DEBUG	Starting provider: GMPProvider
1485944044793	addons.manager	DEBUG	Registering shutdown blocker for GMPProvider
1485944044794	addons.manager	DEBUG	Provider finished startup: GMPProvider
1485944044794	addons.manager	DEBUG	Starting provider: PluginProvider
1485944044795	addons.manager	DEBUG	Registering shutdown blocker for PluginProvider
1485944044796	addons.manager	DEBUG	Provider finished startup: PluginProvider
1485944044797	addons.manager	DEBUG	Completed startup sequence
1485944045187	addons.manager	DEBUG	Starting provider: <unnamed-provider>
1485944045187	addons.manager	DEBUG	Registering shutdown blocker for <unnamed-provider>
1485944045187	addons.manager	DEBUG	Provider finished startup: <unnamed-provider>
1485944045396	DeferredSave.extensions.json	DEBUG	Write succeeded
1485944045396	addons.xpi-utils	DEBUG	XPI Database saved, setting schema version preference to 19
1485944045397	DeferredSave.extensions.json	DEBUG	Starting timer
1485944045419	DeferredSave.extensions.json	DEBUG	Starting write
1485944045426	addons.repository	DEBUG	No addons.json found.
1485944045426	DeferredSave.addons.json	DEBUG	Save changes
1485944045429	DeferredSave.addons.json	DEBUG	Starting timer
1485944045498	addons.manager	DEBUG	Starting provider: PreviousExperimentProvider
1485944045499	addons.manager	DEBUG	Registering shutdown blocker for PreviousExperimentProvider
1485944045499	addons.manager	DEBUG	Provider finished startup: PreviousExperimentProvider
1485944045503	DeferredSave.addons.json	DEBUG	Starting write
1485944045516	DeferredSave.extensions.json	DEBUG	Write succeeded
1485944045551	DeferredSave.addons.json	DEBUG	Write succeeded

Build info: version: '2.47.1', revision: 'unknown', time: '2015-07-30 11:02:44'
System info: host: 'FTKRL1755', ip: '192.168.56.1', os.name: 'Windows 10', os.arch: 'amd64', os.version: '10.0', java.version: '1.8.0_92'
Driver info: driver.version: FirefoxDriver
	at org.openqa.selenium.firefox.internal.NewProfileExtensionConnection.start(NewProfileExtensionConnection.java:134)
	at org.openqa.selenium.firefox.FirefoxDriver.startClient(FirefoxDriver.java:276)
	at org.openqa.selenium.remote.RemoteWebDriver.<init>(RemoteWebDriver.java:116)
	at org.openqa.selenium.firefox.FirefoxDriver.<init>(FirefoxDriver.java:221)
	at org.openqa.selenium.firefox.FirefoxDriver.<init>(FirefoxDriver.java:216)
	at org.openqa.selenium.firefox.FirefoxDriver.<init>(FirefoxDriver.java:212)
	at org.openqa.selenium.firefox.FirefoxDriver.<init>(FirefoxDriver.java:125)
	at way2automation.TestMaven.setUp(TestMaven.java:21)
	at sun.reflect.NativeMethodAccessorImpl.invoke0(Native Method)
	at sun.reflect.NativeMethodAccessorImpl.invoke(NativeMethodAccessorImpl.java:62)
	at sun.reflect.DelegatingMethodAccessorImpl.invoke(DelegatingMethodAccessorImpl.java:43)
	at java.lang.reflect.Method.invoke(Method.java:498)
	at org.testng.internal.MethodInvocationHelper.invokeMethod(MethodInvocationHelper.java:80)
	at org.testng.internal.Invoker.invokeConfigurationMethod(Invoker.java:564)
	at org.testng.internal.Invoker.invokeConfigurations(Invoker.java:213)
	at org.testng.internal.Invoker.invokeMethod(Invoker.java:653)
	at org.testng.internal.Invoker.invokeTestMethod(Invoker.java:901)
	at org.testng.internal.Invoker.invokeTestMethods(Invoker.java:1231)
	at org.testng.internal.TestMethodWorker.invokeTestMethods(TestMethodWorker.java:127)
	at org.testng.internal.TestMethodWorker.run(TestMethodWorker.java:111)
	at org.testng.TestRunner.privateRun(TestRunner.java:767)
	at org.testng.TestRunner.run(TestRunner.java:617)
	at org.testng.SuiteRunner.runTest(SuiteRunner.java:334)
	at org.testng.SuiteRunner.runSequentially(SuiteRunner.java:329)
	at org.testng.SuiteRunner.privateRun(SuiteRunner.java:291)
	at org.testng.SuiteRunner.run(SuiteRunner.java:240)
	at org.testng.SuiteRunnerWorker.runSuite(SuiteRunnerWorker.java:52)
	at org.testng.SuiteRunnerWorker.run(SuiteRunnerWorker.java:86)
	at org.testng.TestNG.runSuitesSequentially(TestNG.java:1198)
	at org.testng.TestNG.runSuitesLocally(TestNG.java:1123)
	at org.testng.TestNG.run(TestNG.java:1031)
	at org.testng.remote.AbstractRemoteTestNG.run(AbstractRemoteTestNG.java:132)
	at org.testng.remote.RemoteTestNG.initAndRun(RemoteTestNG.java:236)
	at org.testng.remote.RemoteTestNG.main(RemoteTestNG.java:81)
Caused by: org.openqa.selenium.firefox.NotConnectedException: Unable to connect to host 127.0.0.1 on port 7055 after 45000 ms. Firefox console output:
le":true,"active":true,"userDisabled":false,"appDisabled":false,"descriptor":"C:\\Program Files (x86)\\Mozilla Firefox\\browser\\extensions\\{972ce4c6-7e08-4474-a285-3208198ce6fd}.xpi","installDate":1485843450792,"updateDate":1485843450792,"applyBackgroundUpdates":1,"skinnable":true,"size":19708,"sourceURI":null,"releaseNotesURI":null,"softDisabled":false,"foreignInstall":false,"hasBinaryComponents":false,"strictCompatibility":true,"locales":[],"targetApplications":[{"id":"{ec8030f7-c20a-464f-9b0e-13a3a9e97384}","minVersion":"51.0.1","maxVersion":"51.0.1"}],"targetPlatforms":[],"seen":true,"dependencies":[],"hasEmbeddedWebExtension":false}
1485944044761	addons.xpi	DEBUG	getModTime: Recursive scan of {972ce4c6-7e08-4474-a285-3208198ce6fd}
1485944044762	DeferredSave.extensions.json	DEBUG	Save changes
1485944044763	addons.xpi	DEBUG	Updating database with changes to installed add-ons
1485944044763	addons.xpi-utils	DEBUG	Updating add-on states
1485944044764	addons.xpi-utils	DEBUG	Writing add-ons list
1485944044769	addons.xpi	DEBUG	Registering manifest for C:\Program Files (x86)\Mozilla Firefox\browser\features\aushelper@mozilla.org.xpi
1485944044769	addons.xpi	DEBUG	Calling bootstrap method startup on aushelper@mozilla.org version 1.0
1485944044771	addons.xpi	DEBUG	Registering manifest for C:\Program Files (x86)\Mozilla Firefox\browser\features\e10srollout@mozilla.org.xpi
1485944044773	addons.xpi	DEBUG	Calling bootstrap method startup on e10srollout@mozilla.org version 1.7
1485944044774	addons.xpi	DEBUG	Registering manifest for C:\Program Files (x86)\Mozilla Firefox\browser\features\firefox@getpocket.com.xpi
1485944044775	addons.xpi	DEBUG	Calling bootstrap method startup on firefox@getpocket.com version 1.0.5
1485944044776	addons.xpi	DEBUG	Registering manifest for C:\Program Files (x86)\Mozilla Firefox\browser\features\webcompat@mozilla.org.xpi
1485944044777	addons.xpi	DEBUG	Calling bootstrap method startup on webcompat@mozilla.org version 1.0
1485944044781	addons.manager	DEBUG	Registering shutdown blocker for XPIProvider
1485944044782	addons.manager	DEBUG	Provider finished startup: XPIProvider
1485944044783	addons.manager	DEBUG	Starting provider: LightweightThemeManager
1485944044783	addons.manager	DEBUG	Registering shutdown blocker for LightweightThemeManager
1485944044783	addons.manager	DEBUG	Provider finished startup: LightweightThemeManager
1485944044784	addons.manager	DEBUG	Starting provider: GMPProvider
1485944044793	addons.manager	DEBUG	Registering shutdown blocker for GMPProvider
1485944044794	addons.manager	DEBUG	Provider finished startup: GMPProvider
1485944044794	addons.manager	DEBUG	Starting provider: PluginProvider
1485944044795	addons.manager	DEBUG	Registering shutdown blocker for PluginProvider
1485944044796	addons.manager	DEBUG	Provider finished startup: PluginProvider
1485944044797	addons.manager	DEBUG	Completed startup sequence
1485944045187	addons.manager	DEBUG	Starting provider: <unnamed-provider>
1485944045187	addons.manager	DEBUG	Registering shutdown blocker for <unnamed-provider>
1485944045187	addons.manager	DEBUG	Provider finished startup: <unnamed-provider>
1485944045396	DeferredSave.extensions.json	DEBUG	Write succeeded
1485944045396	addons.xpi-utils	DEBUG	XPI Database saved, setting schema version preference to 19
1485944045397	DeferredSave.extensions.json	DEBUG	Starting timer
1485944045419	DeferredSave.extensions.json	DEBUG	Starting write
1485944045426	addons.repository	DEBUG	No addons.json found.
1485944045426	DeferredSave.addons.json	DEBUG	Save changes
1485944045429	DeferredSave.addons.json	DEBUG	Starting timer
1485944045498	addons.manager	DEBUG	Starting provider: PreviousExperimentProvider
1485944045499	addons.manager	DEBUG	Registering shutdown blocker for PreviousExperimentProvider
1485944045499	addons.manager	DEBUG	Provider finished startup: PreviousExperimentProvider
1485944045503	DeferredSave.addons.json	DEBUG	Starting write
1485944045516	DeferredSave.extensions.json	DEBUG	Write succeeded
1485944045551	DeferredSave.addons.json	DEBUG	Write succeeded

	at org.openqa.selenium.firefox.internal.NewProfileExtensionConnection.start(NewProfileExtensionConnection.java:122)
	... 33 more
]]>
    </failure>
  </testcase> <!-- testGoogleSearch -->
</testsuite> <!-- way2automation.TestMaven -->
