<?xml version="1.0" encoding="UTF-8"?>
<!-- Generated by org.testng.reporters.JUnitReportReporter -->
<testsuite hostname="FTKRL1755" name="testsBoxesClick.OpenDropdownTest" tests="1" failures="0" timestamp="3 Feb 2017 14:32:14 GMT" time="15.094" errors="0">
  <testcase name="openDropdownSection" time="15.094" classname="testsBoxesClick.OpenDropdownTest"/>
</testsuite> <!-- testsBoxesClick.OpenDropdownTest -->
