<?xml version="1.0" encoding="UTF-8"?>
<!-- Generated by org.testng.reporters.JUnitReportReporter -->
<testsuite hostname="FTKRL1755" name="testsAlert.AlertTest" tests="2" failures="0" timestamp="3 Feb 2017 14:35:39 GMT" time="23.532" errors="0">
  <testcase name="simpleAlert" time="10.181" classname="testsAlert.AlertTest"/>
  <testcase name="inputAlert" time="13.351" classname="testsAlert.AlertTest"/>
</testsuite> <!-- testsAlert.AlertTest -->
