<?xml version="1.0" encoding="UTF-8"?>
<!-- Generated by org.testng.reporters.JUnitReportReporter -->
<testsuite hostname="FTKRL1755" name="testsFramesAndWindows.FramesAndWindowsTest" tests="1" failures="0" timestamp="3 Feb 2017 14:32:14 GMT" time="12.196" errors="0">
  <testcase name="openNewWindow" time="12.196" classname="testsFramesAndWindows.FramesAndWindowsTest"/>
</testsuite> <!-- testsFramesAndWindows.FramesAndWindowsTest -->
