<?xml version="1.0" encoding="UTF-8"?>
<!-- Generated by org.testng.reporters.JUnitReportReporter -->
<testsuite hostname="FTKRL1755" name="testsCount.CountElementsTest" tests="2" failures="0" timestamp="3 Feb 2017 14:06:19 GMT" time="14.745" errors="0">
  <testcase name="countTotalBoxes" time="7.522" classname="testsCount.CountElementsTest"/>
  <testcase name="countWidgetBoxes" time="7.223" classname="testsCount.CountElementsTest"/>
</testsuite> <!-- testsCount.CountElementsTest -->
