<?xml version="1.0" encoding="UTF-8"?>
<!-- Generated by org.testng.reporters.JUnitReportReporter -->
<testsuite hostname="FTKRL1755" name="testsDropdown.DropdownTest" tests="2" failures="0" timestamp="3 Feb 2017 14:06:19 GMT" time="22.695" errors="0">
  <testcase name="checkIsPromtCorrect" time="9.451" classname="testsDropdown.DropdownTest"/>
  <testcase name="selectElementFromDropdownList" time="13.244" classname="testsDropdown.DropdownTest"/>
</testsuite> <!-- testsDropdown.DropdownTest -->
