<?xml version="1.0" encoding="UTF-8"?>
<!-- Generated by org.testng.reporters.JUnitReportReporter -->
<testsuite hostname="FTKRL1755" name="testsRegistration.RegistrationTest" tests="2" failures="0" timestamp="3 Feb 2017 14:06:19 GMT" time="22.278" errors="0">
  <testcase name="invalidRegistrationWithoutName" time="10.684" classname="testsRegistration.RegistrationTest"/>
  <testcase name="validRegistrationWithAllDataCorrect" time="11.594" classname="testsRegistration.RegistrationTest"/>
</testsuite> <!-- testsRegistration.RegistrationTest -->
