<?xml version="1.0" encoding="UTF-8"?>
<!-- Generated by org.testng.reporters.JUnitReportReporter -->
<testsuite hostname="FTKRL1755" name="testsAlert.AlertTest" tests="2" failures="0" timestamp="3 Feb 2017 14:06:19 GMT" time="21.251" errors="0">
  <testcase name="inputAlert" time="11.127" classname="testsAlert.AlertTest"/>
  <testcase name="simpleAlert" time="10.124" classname="testsAlert.AlertTest"/>
</testsuite> <!-- testsAlert.AlertTest -->
