<?xml version="1.0" encoding="UTF-8"?>
<!-- Generated by org.testng.reporters.JUnitReportReporter -->
<testsuite hostname="FTKRL1755" name="testsLogin.LoginTest" tests="2" failures="0" timestamp="3 Feb 2017 14:06:19 GMT" time="21.361" errors="0">
  <testcase name="loginFromDemoPageWithIncorrectCredentials" time="12.081" classname="testsLogin.LoginTest"/>
  <testcase name="loginFromDemoPageWithCorrectCredentials" time="9.280" classname="testsLogin.LoginTest"/>
</testsuite> <!-- testsLogin.LoginTest -->
