<?xml version="1.0" encoding="UTF-8"?>
<!-- Generated by org.testng.reporters.JUnitReportReporter -->
<testsuite hostname="FTKRL1755" name="testsBoxesClick.OpenDropdownTest" tests="1" failures="0" timestamp="3 Feb 2017 14:06:19 GMT" time="9.307" errors="0">
  <testcase name="openDropdownSection" time="9.307" classname="testsBoxesClick.OpenDropdownTest"/>
</testsuite> <!-- testsBoxesClick.OpenDropdownTest -->
